D:\VISUAL STUDIO 2010\SWAP_ASSISTANT\DEBUG\SWAP_ASSISTANT.EXE
D:\VISUAL STUDIO 2010\SWAP_ASSISTANT\DEBUG\SWAP_ASSISTANT.ILK
D:\VISUAL STUDIO 2010\SWAP_ASSISTANT\DEBUG\SWAP_ASSISTANT.PDB
D:\VISUAL STUDIO 2010\SWAP_ASSISTANT\SWAP_ASSISTANT\DEBUG\.NETFRAMEWORK,VERSION=V4.0.ASSEMBLYATTRIBUTES.OBJ
D:\VISUAL STUDIO 2010\SWAP_ASSISTANT\SWAP_ASSISTANT\DEBUG\APP.RES
D:\VISUAL STUDIO 2010\SWAP_ASSISTANT\SWAP_ASSISTANT\DEBUG\ASSEMBLYINFO.OBJ
D:\Visual Studio 2010\Swap_Assistant\Swap_Assistant\Debug\cl.command.1.tlog
D:\Visual Studio 2010\Swap_Assistant\Swap_Assistant\Debug\CL.read.1.tlog
D:\Visual Studio 2010\Swap_Assistant\Swap_Assistant\Debug\CL.write.1.tlog
D:\Visual Studio 2010\Swap_Assistant\Swap_Assistant\Debug\link.11256.read.1.tlog
D:\Visual Studio 2010\Swap_Assistant\Swap_Assistant\Debug\link.11256.write.1.tlog
D:\Visual Studio 2010\Swap_Assistant\Swap_Assistant\Debug\link.11256-cvtres.read.1.tlog
D:\Visual Studio 2010\Swap_Assistant\Swap_Assistant\Debug\link.11256-cvtres.write.1.tlog
D:\Visual Studio 2010\Swap_Assistant\Swap_Assistant\Debug\link.11544.read.1.tlog
D:\Visual Studio 2010\Swap_Assistant\Swap_Assistant\Debug\link.11544.write.1.tlog
D:\Visual Studio 2010\Swap_Assistant\Swap_Assistant\Debug\link.11544-cvtres.read.1.tlog
D:\Visual Studio 2010\Swap_Assistant\Swap_Assistant\Debug\link.11544-cvtres.write.1.tlog
D:\Visual Studio 2010\Swap_Assistant\Swap_Assistant\Debug\link.13440.read.1.tlog
D:\Visual Studio 2010\Swap_Assistant\Swap_Assistant\Debug\link.13440.write.1.tlog
D:\Visual Studio 2010\Swap_Assistant\Swap_Assistant\Debug\link.13440-cvtres.read.1.tlog
D:\Visual Studio 2010\Swap_Assistant\Swap_Assistant\Debug\link.13440-cvtres.write.1.tlog
D:\Visual Studio 2010\Swap_Assistant\Swap_Assistant\Debug\link.13768.read.1.tlog
D:\Visual Studio 2010\Swap_Assistant\Swap_Assistant\Debug\link.13768.write.1.tlog
D:\Visual Studio 2010\Swap_Assistant\Swap_Assistant\Debug\link.13768-cvtres.read.1.tlog
D:\Visual Studio 2010\Swap_Assistant\Swap_Assistant\Debug\link.13768-cvtres.write.1.tlog
D:\Visual Studio 2010\Swap_Assistant\Swap_Assistant\Debug\link.1404.read.1.tlog
D:\Visual Studio 2010\Swap_Assistant\Swap_Assistant\Debug\link.1404.write.1.tlog
D:\Visual Studio 2010\Swap_Assistant\Swap_Assistant\Debug\link.1404-cvtres.read.1.tlog
D:\Visual Studio 2010\Swap_Assistant\Swap_Assistant\Debug\link.1404-cvtres.write.1.tlog
D:\Visual Studio 2010\Swap_Assistant\Swap_Assistant\Debug\link.14076.read.1.tlog
D:\Visual Studio 2010\Swap_Assistant\Swap_Assistant\Debug\link.14076.write.1.tlog
D:\Visual Studio 2010\Swap_Assistant\Swap_Assistant\Debug\link.14076-cvtres.read.1.tlog
D:\Visual Studio 2010\Swap_Assistant\Swap_Assistant\Debug\link.14076-cvtres.write.1.tlog
D:\Visual Studio 2010\Swap_Assistant\Swap_Assistant\Debug\link.3336.read.1.tlog
D:\Visual Studio 2010\Swap_Assistant\Swap_Assistant\Debug\link.3336.write.1.tlog
D:\Visual Studio 2010\Swap_Assistant\Swap_Assistant\Debug\link.3336-cvtres.read.1.tlog
D:\Visual Studio 2010\Swap_Assistant\Swap_Assistant\Debug\link.3336-cvtres.write.1.tlog
D:\Visual Studio 2010\Swap_Assistant\Swap_Assistant\Debug\link.6972.read.1.tlog
D:\Visual Studio 2010\Swap_Assistant\Swap_Assistant\Debug\link.6972.write.1.tlog
D:\Visual Studio 2010\Swap_Assistant\Swap_Assistant\Debug\link.6972-cvtres.read.1.tlog
D:\Visual Studio 2010\Swap_Assistant\Swap_Assistant\Debug\link.6972-cvtres.write.1.tlog
D:\Visual Studio 2010\Swap_Assistant\Swap_Assistant\Debug\link.command.1.tlog
D:\Visual Studio 2010\Swap_Assistant\Swap_Assistant\Debug\link.read.1.tlog
D:\Visual Studio 2010\Swap_Assistant\Swap_Assistant\Debug\link.write.1.tlog
D:\Visual Studio 2010\Swap_Assistant\Swap_Assistant\Debug\mt.command.1.tlog
D:\Visual Studio 2010\Swap_Assistant\Swap_Assistant\Debug\mt.read.1.tlog
D:\Visual Studio 2010\Swap_Assistant\Swap_Assistant\Debug\mt.write.1.tlog
D:\Visual Studio 2010\Swap_Assistant\Swap_Assistant\Debug\rc.command.1.tlog
D:\Visual Studio 2010\Swap_Assistant\Swap_Assistant\Debug\rc.read.1.tlog
D:\Visual Studio 2010\Swap_Assistant\Swap_Assistant\Debug\rc.write.1.tlog
D:\VISUAL STUDIO 2010\SWAP_ASSISTANT\SWAP_ASSISTANT\DEBUG\STDAFX.OBJ
D:\VISUAL STUDIO 2010\SWAP_ASSISTANT\SWAP_ASSISTANT\DEBUG\SWAP_ASSISTANT.EXE.INTERMEDIATE.MANIFEST
D:\Visual Studio 2010\Swap_Assistant\Swap_Assistant\Debug\Swap_Assistant.Form1.resources
D:\VISUAL STUDIO 2010\SWAP_ASSISTANT\SWAP_ASSISTANT\DEBUG\SWAP_ASSISTANT.OBJ
D:\VISUAL STUDIO 2010\SWAP_ASSISTANT\SWAP_ASSISTANT\DEBUG\SWAP_ASSISTANT.PCH
D:\Visual Studio 2010\Swap_Assistant\Swap_Assistant\Debug\Swap_Assistant.vcxproj.GenerateResource.Cache
D:\Visual Studio 2010\Swap_Assistant\Swap_Assistant\Debug\Swap_Assistant.vcxprojResolveAssemblyReference.cache
D:\Visual Studio 2010\Swap_Assistant\Swap_Assistant\Debug\Swap_Assistant.write.1.tlog
D:\VISUAL STUDIO 2010\SWAP_ASSISTANT\SWAP_ASSISTANT\DEBUG\VC100.PDB
