Build started 11/21/2021 9:22:06 AM.
     1>Project "D:\Visual Studio 2010\9_Project\9_code\Swap_Assistant\Swap_Assistant.vcxproj" on node 2 (build target(s)).
     1>InitializeBuildStatus:
         Creating "Debug\Swap_Assistant.unsuccessfulbuild" because "AlwaysCreate" was specified.
       GenerateTargetFrameworkMonikerAttribute:
       Skipping target "GenerateTargetFrameworkMonikerAttribute" because all output files are up-to-date with respect to the input files.
       ClCompile:
         d:\Applications\VC\bin\CL.exe /c /AI"C:\Program Files (x86)\Reference Assemblies\Microsoft\Framework\.NETFramework\v4.0" /Zi /clr:pure /nologo /W3 /WX- /Od /Oy- /D WIN32 /D _DEBUG /D _UNICODE /D UNICODE /EHa /MDd /GS /fp:precise /Zc:wchar_t /Zc:forScope /Yc"StdAfx.h" /Fp"Debug\Swap_Assistant.pch" /Fo"Debug\\" /Fd"Debug\vc100.pdb" /TP /FU"C:\Program Files (x86)\Reference Assemblies\Microsoft\Framework\.NETFramework\v4.0\System.Core.dll" /FU"C:\Program Files (x86)\Reference Assemblies\Microsoft\Framework\.NETFramework\v4.0\System.Data.dll" /FU"C:\Program Files (x86)\Reference Assemblies\Microsoft\Framework\.NETFramework\v4.0\System.dll" /FU"C:\Program Files (x86)\Reference Assemblies\Microsoft\Framework\.NETFramework\v4.0\System.Drawing.dll" /FU"C:\Program Files (x86)\Reference Assemblies\Microsoft\Framework\.NETFramework\v4.0\System.Windows.Forms.dll" /FU"C:\Program Files (x86)\Reference Assemblies\Microsoft\Framework\.NETFramework\v4.0\System.Xml.dll" /analyze- /errorReport:prompt stdafx.cpp /clr:nostdlib 
         stdafx.cpp
         d:\Applications\VC\bin\CL.exe /c /AI"C:\Program Files (x86)\Reference Assemblies\Microsoft\Framework\.NETFramework\v4.0" /Zi /clr:pure /nologo /W3 /WX- /Od /Oy- /D WIN32 /D _DEBUG /D _UNICODE /D UNICODE /EHa /MDd /GS /fp:precise /Zc:wchar_t /Zc:forScope /Yu"StdAfx.h" /Fp"Debug\Swap_Assistant.pch" /Fo"Debug\\" /Fd"Debug\vc100.pdb" /TP /FU"C:\Program Files (x86)\Reference Assemblies\Microsoft\Framework\.NETFramework\v4.0\System.Core.dll" /FU"C:\Program Files (x86)\Reference Assemblies\Microsoft\Framework\.NETFramework\v4.0\System.Data.dll" /FU"C:\Program Files (x86)\Reference Assemblies\Microsoft\Framework\.NETFramework\v4.0\System.dll" /FU"C:\Program Files (x86)\Reference Assemblies\Microsoft\Framework\.NETFramework\v4.0\System.Drawing.dll" /FU"C:\Program Files (x86)\Reference Assemblies\Microsoft\Framework\.NETFramework\v4.0\System.Windows.Forms.dll" /FU"C:\Program Files (x86)\Reference Assemblies\Microsoft\Framework\.NETFramework\v4.0\System.Xml.dll" /analyze- /errorReport:prompt AssemblyInfo.cpp Swap_Assistant.cpp /clr:nostdlib 
         AssemblyInfo.cpp
         Swap_Assistant.cpp
     1>d:\visual studio 2010\9_project\9_code\swap_assistant\HMM\\HMM.h(88): warning C4996: 'fopen': This function or variable may be unsafe. Consider using fopen_s instead. To disable deprecation, use _CRT_SECURE_NO_WARNINGS. See online help for details.
                 d:\Applications\VC\include\stdio.h(234) : see declaration of 'fopen'
     1>d:\visual studio 2010\9_project\9_code\swap_assistant\HMM\\HMM.h(89): warning C4996: 'fopen': This function or variable may be unsafe. Consider using fopen_s instead. To disable deprecation, use _CRT_SECURE_NO_WARNINGS. See online help for details.
                 d:\Applications\VC\include\stdio.h(234) : see declaration of 'fopen'
     1>d:\visual studio 2010\9_project\9_code\swap_assistant\HMM\\HMM.h(90): warning C4996: 'fopen': This function or variable may be unsafe. Consider using fopen_s instead. To disable deprecation, use _CRT_SECURE_NO_WARNINGS. See online help for details.
                 d:\Applications\VC\include\stdio.h(234) : see declaration of 'fopen'
     1>d:\visual studio 2010\9_project\9_code\swap_assistant\HMM\\HMM.h(98): warning C4996: 'sprintf': This function or variable may be unsafe. Consider using sprintf_s instead. To disable deprecation, use _CRT_SECURE_NO_WARNINGS. See online help for details.
                 d:\Applications\VC\include\stdio.h(371) : see declaration of 'sprintf'
     1>d:\visual studio 2010\9_project\9_code\swap_assistant\HMM\\HMM.h(100): warning C4996: '_snprintf': This function or variable may be unsafe. Consider using _snprintf_s instead. To disable deprecation, use _CRT_SECURE_NO_WARNINGS. See online help for details.
                 d:\Applications\VC\include\stdio.h(363) : see declaration of '_snprintf'
     1>d:\visual studio 2010\9_project\9_code\swap_assistant\HMM\\HMM.h(101): warning C4996: '_snprintf': This function or variable may be unsafe. Consider using _snprintf_s instead. To disable deprecation, use _CRT_SECURE_NO_WARNINGS. See online help for details.
                 d:\Applications\VC\include\stdio.h(363) : see declaration of '_snprintf'
     1>d:\visual studio 2010\9_project\9_code\swap_assistant\HMM\\HMM.h(102): warning C4996: '_snprintf': This function or variable may be unsafe. Consider using _snprintf_s instead. To disable deprecation, use _CRT_SECURE_NO_WARNINGS. See online help for details.
                 d:\Applications\VC\include\stdio.h(363) : see declaration of '_snprintf'
     1>d:\visual studio 2010\9_project\9_code\swap_assistant\HMM\\HMM.h(103): warning C4996: 'fopen': This function or variable may be unsafe. Consider using fopen_s instead. To disable deprecation, use _CRT_SECURE_NO_WARNINGS. See online help for details.
                 d:\Applications\VC\include\stdio.h(234) : see declaration of 'fopen'
     1>d:\visual studio 2010\9_project\9_code\swap_assistant\HMM\\HMM.h(104): warning C4996: 'fopen': This function or variable may be unsafe. Consider using fopen_s instead. To disable deprecation, use _CRT_SECURE_NO_WARNINGS. See online help for details.
                 d:\Applications\VC\include\stdio.h(234) : see declaration of 'fopen'
     1>d:\visual studio 2010\9_project\9_code\swap_assistant\HMM\\HMM.h(105): warning C4996: 'fopen': This function or variable may be unsafe. Consider using fopen_s instead. To disable deprecation, use _CRT_SECURE_NO_WARNINGS. See online help for details.
                 d:\Applications\VC\include\stdio.h(234) : see declaration of 'fopen'
     1>d:\visual studio 2010\9_project\9_code\swap_assistant\HMM\\HMM.h(116): warning C4996: 'fscanf': This function or variable may be unsafe. Consider using fscanf_s instead. To disable deprecation, use _CRT_SECURE_NO_WARNINGS. See online help for details.
                 d:\Applications\VC\include\stdio.h(253) : see declaration of 'fscanf'
     1>d:\visual studio 2010\9_project\9_code\swap_assistant\HMM\\HMM.h(129): warning C4996: 'fscanf': This function or variable may be unsafe. Consider using fscanf_s instead. To disable deprecation, use _CRT_SECURE_NO_WARNINGS. See online help for details.
                 d:\Applications\VC\include\stdio.h(253) : see declaration of 'fscanf'
     1>d:\visual studio 2010\9_project\9_code\swap_assistant\HMM\\HMM.h(140): warning C4996: 'fscanf': This function or variable may be unsafe. Consider using fscanf_s instead. To disable deprecation, use _CRT_SECURE_NO_WARNINGS. See online help for details.
                 d:\Applications\VC\include\stdio.h(253) : see declaration of 'fscanf'
     1>d:\visual studio 2010\9_project\9_code\swap_assistant\HMM\\HMM.h(191): warning C4996: 'fopen': This function or variable may be unsafe. Consider using fopen_s instead. To disable deprecation, use _CRT_SECURE_NO_WARNINGS. See online help for details.
                 d:\Applications\VC\include\stdio.h(234) : see declaration of 'fopen'
     1>d:\visual studio 2010\9_project\9_code\swap_assistant\HMM\\HMM.h(197): warning C4996: 'fscanf': This function or variable may be unsafe. Consider using fscanf_s instead. To disable deprecation, use _CRT_SECURE_NO_WARNINGS. See online help for details.
                 d:\Applications\VC\include\stdio.h(253) : see declaration of 'fscanf'
     1>d:\visual studio 2010\9_project\9_code\swap_assistant\HMM\\HMM.h(241): warning C4996: 'sprintf': This function or variable may be unsafe. Consider using sprintf_s instead. To disable deprecation, use _CRT_SECURE_NO_WARNINGS. See online help for details.
                 d:\Applications\VC\include\stdio.h(371) : see declaration of 'sprintf'
     1>d:\visual studio 2010\9_project\9_code\swap_assistant\HMM\\HMM.h(243): warning C4996: '_snprintf': This function or variable may be unsafe. Consider using _snprintf_s instead. To disable deprecation, use _CRT_SECURE_NO_WARNINGS. See online help for details.
                 d:\Applications\VC\include\stdio.h(363) : see declaration of '_snprintf'
     1>d:\visual studio 2010\9_project\9_code\swap_assistant\HMM\\HMM.h(244): warning C4996: '_snprintf': This function or variable may be unsafe. Consider using _snprintf_s instead. To disable deprecation, use _CRT_SECURE_NO_WARNINGS. See online help for details.
                 d:\Applications\VC\include\stdio.h(363) : see declaration of '_snprintf'
     1>d:\visual studio 2010\9_project\9_code\swap_assistant\HMM\\HMM.h(245): warning C4996: '_snprintf': This function or variable may be unsafe. Consider using _snprintf_s instead. To disable deprecation, use _CRT_SECURE_NO_WARNINGS. See online help for details.
                 d:\Applications\VC\include\stdio.h(363) : see declaration of '_snprintf'
     1>d:\visual studio 2010\9_project\9_code\swap_assistant\HMM\\HMM.h(247): warning C4996: 'fopen': This function or variable may be unsafe. Consider using fopen_s instead. To disable deprecation, use _CRT_SECURE_NO_WARNINGS. See online help for details.
                 d:\Applications\VC\include\stdio.h(234) : see declaration of 'fopen'
     1>d:\visual studio 2010\9_project\9_code\swap_assistant\HMM\\HMM.h(248): warning C4996: 'fopen': This function or variable may be unsafe. Consider using fopen_s instead. To disable deprecation, use _CRT_SECURE_NO_WARNINGS. See online help for details.
                 d:\Applications\VC\include\stdio.h(234) : see declaration of 'fopen'
     1>d:\visual studio 2010\9_project\9_code\swap_assistant\HMM\\HMM.h(249): warning C4996: 'fopen': This function or variable may be unsafe. Consider using fopen_s instead. To disable deprecation, use _CRT_SECURE_NO_WARNINGS. See online help for details.
                 d:\Applications\VC\include\stdio.h(234) : see declaration of 'fopen'
     1>d:\visual studio 2010\9_project\9_code\swap_assistant\HMM\\HMM.h(257): warning C4996: 'fscanf': This function or variable may be unsafe. Consider using fscanf_s instead. To disable deprecation, use _CRT_SECURE_NO_WARNINGS. See online help for details.
                 d:\Applications\VC\include\stdio.h(253) : see declaration of 'fscanf'
     1>d:\visual studio 2010\9_project\9_code\swap_assistant\HMM\\HMM.h(269): warning C4996: 'fscanf': This function or variable may be unsafe. Consider using fscanf_s instead. To disable deprecation, use _CRT_SECURE_NO_WARNINGS. See online help for details.
                 d:\Applications\VC\include\stdio.h(253) : see declaration of 'fscanf'
     1>d:\visual studio 2010\9_project\9_code\swap_assistant\HMM\\HMM.h(279): warning C4996: 'fscanf': This function or variable may be unsafe. Consider using fscanf_s instead. To disable deprecation, use _CRT_SECURE_NO_WARNINGS. See online help for details.
                 d:\Applications\VC\include\stdio.h(253) : see declaration of 'fscanf'
     1>d:\visual studio 2010\9_project\9_code\swap_assistant\HMM\\HMM.h(563): warning C4996: 'sprintf': This function or variable may be unsafe. Consider using sprintf_s instead. To disable deprecation, use _CRT_SECURE_NO_WARNINGS. See online help for details.
                 d:\Applications\VC\include\stdio.h(371) : see declaration of 'sprintf'
     1>d:\visual studio 2010\9_project\9_code\swap_assistant\HMM\\HMM.h(565): warning C4996: '_snprintf': This function or variable may be unsafe. Consider using _snprintf_s instead. To disable deprecation, use _CRT_SECURE_NO_WARNINGS. See online help for details.
                 d:\Applications\VC\include\stdio.h(363) : see declaration of '_snprintf'
     1>d:\visual studio 2010\9_project\9_code\swap_assistant\HMM\\HMM.h(566): warning C4996: '_snprintf': This function or variable may be unsafe. Consider using _snprintf_s instead. To disable deprecation, use _CRT_SECURE_NO_WARNINGS. See online help for details.
                 d:\Applications\VC\include\stdio.h(363) : see declaration of '_snprintf'
     1>d:\visual studio 2010\9_project\9_code\swap_assistant\HMM\\HMM.h(567): warning C4996: '_snprintf': This function or variable may be unsafe. Consider using _snprintf_s instead. To disable deprecation, use _CRT_SECURE_NO_WARNINGS. See online help for details.
                 d:\Applications\VC\include\stdio.h(363) : see declaration of '_snprintf'
     1>d:\visual studio 2010\9_project\9_code\swap_assistant\HMM\\HMM.h(568): warning C4996: 'fopen': This function or variable may be unsafe. Consider using fopen_s instead. To disable deprecation, use _CRT_SECURE_NO_WARNINGS. See online help for details.
                 d:\Applications\VC\include\stdio.h(234) : see declaration of 'fopen'
     1>d:\visual studio 2010\9_project\9_code\swap_assistant\HMM\\HMM.h(569): warning C4996: 'fopen': This function or variable may be unsafe. Consider using fopen_s instead. To disable deprecation, use _CRT_SECURE_NO_WARNINGS. See online help for details.
                 d:\Applications\VC\include\stdio.h(234) : see declaration of 'fopen'
     1>d:\visual studio 2010\9_project\9_code\swap_assistant\HMM\\HMM.h(570): warning C4996: 'fopen': This function or variable may be unsafe. Consider using fopen_s instead. To disable deprecation, use _CRT_SECURE_NO_WARNINGS. See online help for details.
                 d:\Applications\VC\include\stdio.h(234) : see declaration of 'fopen'
     1>d:\visual studio 2010\9_project\9_code\swap_assistant\HMM\\HMM.h(681): warning C4996: 'fopen': This function or variable may be unsafe. Consider using fopen_s instead. To disable deprecation, use _CRT_SECURE_NO_WARNINGS. See online help for details.
                 d:\Applications\VC\include\stdio.h(234) : see declaration of 'fopen'
     1>d:\visual studio 2010\9_project\9_code\swap_assistant\HMM\\HMM.h(682): warning C4996: 'fopen': This function or variable may be unsafe. Consider using fopen_s instead. To disable deprecation, use _CRT_SECURE_NO_WARNINGS. See online help for details.
                 d:\Applications\VC\include\stdio.h(234) : see declaration of 'fopen'
     1>d:\visual studio 2010\9_project\9_code\swap_assistant\HMM\\HMM.h(692): warning C4996: 'fscanf': This function or variable may be unsafe. Consider using fscanf_s instead. To disable deprecation, use _CRT_SECURE_NO_WARNINGS. See online help for details.
                 d:\Applications\VC\include\stdio.h(253) : see declaration of 'fscanf'
     1>d:\visual studio 2010\9_project\9_code\swap_assistant\HMM\\HMM.h(701): warning C4996: 'fscanf': This function or variable may be unsafe. Consider using fscanf_s instead. To disable deprecation, use _CRT_SECURE_NO_WARNINGS. See online help for details.
                 d:\Applications\VC\include\stdio.h(253) : see declaration of 'fscanf'
     1>d:\visual studio 2010\9_project\9_code\swap_assistant\HMM\\HMM.h(678): warning C4101: 'srcpath' : unreferenced local variable
     1>d:\visual studio 2010\9_project\9_code\swap_assistant\HMM\\HMM.h(678): warning C4101: 'destpath' : unreferenced local variable
     1>d:\visual studio 2010\9_project\9_code\swap_assistant\HMM\\HMM.h(719): warning C4996: 'fopen': This function or variable may be unsafe. Consider using fopen_s instead. To disable deprecation, use _CRT_SECURE_NO_WARNINGS. See online help for details.
                 d:\Applications\VC\include\stdio.h(234) : see declaration of 'fopen'
     1>d:\visual studio 2010\9_project\9_code\swap_assistant\HMM\\HMM.h(720): warning C4996: 'fopen': This function or variable may be unsafe. Consider using fopen_s instead. To disable deprecation, use _CRT_SECURE_NO_WARNINGS. See online help for details.
                 d:\Applications\VC\include\stdio.h(234) : see declaration of 'fopen'
     1>d:\visual studio 2010\9_project\9_code\swap_assistant\HMM\\HMM.h(726): warning C4996: 'fscanf': This function or variable may be unsafe. Consider using fscanf_s instead. To disable deprecation, use _CRT_SECURE_NO_WARNINGS. See online help for details.
                 d:\Applications\VC\include\stdio.h(253) : see declaration of 'fscanf'
     1>d:\visual studio 2010\9_project\9_code\swap_assistant\HMM\\HMM.h(732): warning C4996: 'fscanf': This function or variable may be unsafe. Consider using fscanf_s instead. To disable deprecation, use _CRT_SECURE_NO_WARNINGS. See online help for details.
                 d:\Applications\VC\include\stdio.h(253) : see declaration of 'fscanf'
     1>d:\visual studio 2010\9_project\9_code\swap_assistant\HMM\\HMM.h(745): warning C4996: 'fscanf': This function or variable may be unsafe. Consider using fscanf_s instead. To disable deprecation, use _CRT_SECURE_NO_WARNINGS. See online help for details.
                 d:\Applications\VC\include\stdio.h(253) : see declaration of 'fscanf'
     1>d:\visual studio 2010\9_project\9_code\swap_assistant\HMM\\HMM.h(767): warning C4996: 'fopen': This function or variable may be unsafe. Consider using fopen_s instead. To disable deprecation, use _CRT_SECURE_NO_WARNINGS. See online help for details.
                 d:\Applications\VC\include\stdio.h(234) : see declaration of 'fopen'
     1>d:\visual studio 2010\9_project\9_code\swap_assistant\HMM\\HMM.h(768): warning C4996: 'fopen': This function or variable may be unsafe. Consider using fopen_s instead. To disable deprecation, use _CRT_SECURE_NO_WARNINGS. See online help for details.
                 d:\Applications\VC\include\stdio.h(234) : see declaration of 'fopen'
     1>d:\visual studio 2010\9_project\9_code\swap_assistant\HMM\\HMM.h(770): warning C4996: 'fscanf': This function or variable may be unsafe. Consider using fscanf_s instead. To disable deprecation, use _CRT_SECURE_NO_WARNINGS. See online help for details.
                 d:\Applications\VC\include\stdio.h(253) : see declaration of 'fscanf'
     1>d:\visual studio 2010\9_project\9_code\swap_assistant\HMM\\HMM.h(794): warning C4996: 'fopen': This function or variable may be unsafe. Consider using fopen_s instead. To disable deprecation, use _CRT_SECURE_NO_WARNINGS. See online help for details.
                 d:\Applications\VC\include\stdio.h(234) : see declaration of 'fopen'
     1>d:\visual studio 2010\9_project\9_code\swap_assistant\HMM\\HMM.h(807): warning C4996: 'fscanf': This function or variable may be unsafe. Consider using fscanf_s instead. To disable deprecation, use _CRT_SECURE_NO_WARNINGS. See online help for details.
                 d:\Applications\VC\include\stdio.h(253) : see declaration of 'fscanf'
     1>d:\visual studio 2010\9_project\9_code\swap_assistant\HMM\\HMM.h(818): warning C4996: 'fscanf': This function or variable may be unsafe. Consider using fscanf_s instead. To disable deprecation, use _CRT_SECURE_NO_WARNINGS. See online help for details.
                 d:\Applications\VC\include\stdio.h(253) : see declaration of 'fscanf'
     1>d:\visual studio 2010\9_project\9_code\swap_assistant\HMM\\HMM.h(823): warning C4996: 'fscanf': This function or variable may be unsafe. Consider using fscanf_s instead. To disable deprecation, use _CRT_SECURE_NO_WARNINGS. See online help for details.
                 d:\Applications\VC\include\stdio.h(253) : see declaration of 'fscanf'
     1>d:\visual studio 2010\9_project\9_code\swap_assistant\HMM\\HMM.h(840): warning C4996: 'fopen': This function or variable may be unsafe. Consider using fopen_s instead. To disable deprecation, use _CRT_SECURE_NO_WARNINGS. See online help for details.
                 d:\Applications\VC\include\stdio.h(234) : see declaration of 'fopen'
     1>d:\visual studio 2010\9_project\9_code\swap_assistant\HMM\\HMM.h(842): warning C4996: 'fscanf': This function or variable may be unsafe. Consider using fscanf_s instead. To disable deprecation, use _CRT_SECURE_NO_WARNINGS. See online help for details.
                 d:\Applications\VC\include\stdio.h(253) : see declaration of 'fscanf'
     1>d:\visual studio 2010\9_project\9_code\swap_assistant\HMM\\HMM.h(859): warning C4996: 'fopen': This function or variable may be unsafe. Consider using fopen_s instead. To disable deprecation, use _CRT_SECURE_NO_WARNINGS. See online help for details.
                 d:\Applications\VC\include\stdio.h(234) : see declaration of 'fopen'
     1>d:\visual studio 2010\9_project\9_code\swap_assistant\HMM\\HMM.h(885): warning C4996: 'fopen': This function or variable may be unsafe. Consider using fopen_s instead. To disable deprecation, use _CRT_SECURE_NO_WARNINGS. See online help for details.
                 d:\Applications\VC\include\stdio.h(234) : see declaration of 'fopen'
     1>d:\visual studio 2010\9_project\9_code\swap_assistant\HMM\\HMM.h(932): warning C4996: 'fopen': This function or variable may be unsafe. Consider using fopen_s instead. To disable deprecation, use _CRT_SECURE_NO_WARNINGS. See online help for details.
                 d:\Applications\VC\include\stdio.h(234) : see declaration of 'fopen'
     1>d:\visual studio 2010\9_project\9_code\swap_assistant\HMM\\HMM.h(933): warning C4996: 'fopen': This function or variable may be unsafe. Consider using fopen_s instead. To disable deprecation, use _CRT_SECURE_NO_WARNINGS. See online help for details.
                 d:\Applications\VC\include\stdio.h(234) : see declaration of 'fopen'
     1>d:\visual studio 2010\9_project\9_code\swap_assistant\HMM\\HMM.h(935): warning C4996: 'fscanf': This function or variable may be unsafe. Consider using fscanf_s instead. To disable deprecation, use _CRT_SECURE_NO_WARNINGS. See online help for details.
                 d:\Applications\VC\include\stdio.h(253) : see declaration of 'fscanf'
     1>d:\visual studio 2010\9_project\9_code\swap_assistant\HMM\\HMM.h(1057): warning C4996: '_snprintf': This function or variable may be unsafe. Consider using _snprintf_s instead. To disable deprecation, use _CRT_SECURE_NO_WARNINGS. See online help for details.
                 d:\Applications\VC\include\stdio.h(363) : see declaration of '_snprintf'
     1>d:\visual studio 2010\9_project\9_code\swap_assistant\HMM\\HMM.h(1043): warning C4101: 'display' : unreferenced local variable
     1>d:\visual studio 2010\9_project\9_code\swap_assistant\HMM\\HMM.h(1045): warning C4101: 'max_energy' : unreferenced local variable
     1>d:\visual studio 2010\9_project\9_code\swap_assistant\HMM\\HMM.h(1168): warning C4996: 'sprintf': This function or variable may be unsafe. Consider using sprintf_s instead. To disable deprecation, use _CRT_SECURE_NO_WARNINGS. See online help for details.
                 d:\Applications\VC\include\stdio.h(371) : see declaration of 'sprintf'
     1>d:\visual studio 2010\9_project\9_code\swap_assistant\HMM\\HMM.h(1155): warning C4101: 'i' : unreferenced local variable
     1>d:\visual studio 2010\9_project\9_code\swap_assistant\HMM\\HMM.h(1154): warning C4101: 'filepath' : unreferenced local variable
     1>d:\visual studio 2010\9_project\9_code\swap_assistant\HMM\\HMM.h(1155): warning C4101: 'j' : unreferenced local variable
     1>d:\visual studio 2010\9_project\9_code\swap_assistant\HMM\\HMM.h(1201): warning C4996: 'scanf': This function or variable may be unsafe. Consider using scanf_s instead. To disable deprecation, use _CRT_SECURE_NO_WARNINGS. See online help for details.
                 d:\Applications\VC\include\stdio.h(304) : see declaration of 'scanf'
     1>d:\visual studio 2010\9_project\9_code\swap_assistant\HMM\\HMM.h(1219): warning C4996: 'sprintf': This function or variable may be unsafe. Consider using sprintf_s instead. To disable deprecation, use _CRT_SECURE_NO_WARNINGS. See online help for details.
                 d:\Applications\VC\include\stdio.h(371) : see declaration of 'sprintf'
     1>d:\visual studio 2010\9_project\9_code\swap_assistant\HMM\\HMM.h(1238): warning C4996: 'scanf': This function or variable may be unsafe. Consider using scanf_s instead. To disable deprecation, use _CRT_SECURE_NO_WARNINGS. See online help for details.
                 d:\Applications\VC\include\stdio.h(304) : see declaration of 'scanf'
     1>d:\visual studio 2010\9_project\9_code\swap_assistant\HMM\\HMM.h(1242): warning C4996: 'sprintf': This function or variable may be unsafe. Consider using sprintf_s instead. To disable deprecation, use _CRT_SECURE_NO_WARNINGS. See online help for details.
                 d:\Applications\VC\include\stdio.h(371) : see declaration of 'sprintf'
     1>d:\visual studio 2010\9_project\9_code\swap_assistant\HMM\\HMM.h(1243): warning C4996: '_snprintf': This function or variable may be unsafe. Consider using _snprintf_s instead. To disable deprecation, use _CRT_SECURE_NO_WARNINGS. See online help for details.
                 d:\Applications\VC\include\stdio.h(363) : see declaration of '_snprintf'
     1>d:\visual studio 2010\9_project\9_code\swap_assistant\HMM\\HMM.h(1195): warning C4101: 'avg_num' : unreferenced local variable
     1>d:\visual studio 2010\9_project\9_code\swap_assistant\HMM\\HMM.h(1195): warning C4101: 'i' : unreferenced local variable
     1>d:\visual studio 2010\9_project\9_code\swap_assistant\HMM\\HMM.h(1196): warning C4101: 'curr_value' : unreferenced local variable
     1>d:\visual studio 2010\9_project\9_code\swap_assistant\HMM\\HMM.h(1195): warning C4101: 'j' : unreferenced local variable
     1>d:\visual studio 2010\9_project\9_code\swap_assistant\HMM\\HMM.h(1274): warning C4996: 'sprintf': This function or variable may be unsafe. Consider using sprintf_s instead. To disable deprecation, use _CRT_SECURE_NO_WARNINGS. See online help for details.
                 d:\Applications\VC\include\stdio.h(371) : see declaration of 'sprintf'
     1>d:\visual studio 2010\9_project\9_code\swap_assistant\HMM\\HMM.h(1275): warning C4996: '_snprintf': This function or variable may be unsafe. Consider using _snprintf_s instead. To disable deprecation, use _CRT_SECURE_NO_WARNINGS. See online help for details.
                 d:\Applications\VC\include\stdio.h(363) : see declaration of '_snprintf'
     1>d:\visual studio 2010\9_project\9_code\swap_assistant\HMM\\HMM.h(1283): warning C4996: 'sprintf': This function or variable may be unsafe. Consider using sprintf_s instead. To disable deprecation, use _CRT_SECURE_NO_WARNINGS. See online help for details.
                 d:\Applications\VC\include\stdio.h(371) : see declaration of 'sprintf'
     1>d:\visual studio 2010\9_project\9_code\swap_assistant\HMM\\HMM.h(1284): warning C4996: '_snprintf': This function or variable may be unsafe. Consider using _snprintf_s instead. To disable deprecation, use _CRT_SECURE_NO_WARNINGS. See online help for details.
                 d:\Applications\VC\include\stdio.h(363) : see declaration of '_snprintf'
     1>d:\visual studio 2010\9_project\9_code\swap_assistant\HMM\\HMM.h(1285): warning C4996: 'fopen': This function or variable may be unsafe. Consider using fopen_s instead. To disable deprecation, use _CRT_SECURE_NO_WARNINGS. See online help for details.
                 d:\Applications\VC\include\stdio.h(234) : see declaration of 'fopen'
     1>d:\visual studio 2010\9_project\9_code\swap_assistant\HMM\\HMM.h(1296): warning C4996: '_snprintf': This function or variable may be unsafe. Consider using _snprintf_s instead. To disable deprecation, use _CRT_SECURE_NO_WARNINGS. See online help for details.
                 d:\Applications\VC\include\stdio.h(363) : see declaration of '_snprintf'
     1>d:\visual studio 2010\9_project\9_code\swap_assistant\HMM\\HMM.h(1297): warning C4996: '_snprintf': This function or variable may be unsafe. Consider using _snprintf_s instead. To disable deprecation, use _CRT_SECURE_NO_WARNINGS. See online help for details.
                 d:\Applications\VC\include\stdio.h(363) : see declaration of '_snprintf'
     1>d:\visual studio 2010\9_project\9_code\swap_assistant\HMM\\HMM.h(1298): warning C4996: '_snprintf': This function or variable may be unsafe. Consider using _snprintf_s instead. To disable deprecation, use _CRT_SECURE_NO_WARNINGS. See online help for details.
                 d:\Applications\VC\include\stdio.h(363) : see declaration of '_snprintf'
     1>d:\visual studio 2010\9_project\9_code\swap_assistant\HMM\\HMM.h(1299): warning C4996: 'fopen': This function or variable may be unsafe. Consider using fopen_s instead. To disable deprecation, use _CRT_SECURE_NO_WARNINGS. See online help for details.
                 d:\Applications\VC\include\stdio.h(234) : see declaration of 'fopen'
     1>d:\visual studio 2010\9_project\9_code\swap_assistant\HMM\\HMM.h(1300): warning C4996: 'fopen': This function or variable may be unsafe. Consider using fopen_s instead. To disable deprecation, use _CRT_SECURE_NO_WARNINGS. See online help for details.
                 d:\Applications\VC\include\stdio.h(234) : see declaration of 'fopen'
     1>d:\visual studio 2010\9_project\9_code\swap_assistant\HMM\\HMM.h(1301): warning C4996: 'fopen': This function or variable may be unsafe. Consider using fopen_s instead. To disable deprecation, use _CRT_SECURE_NO_WARNINGS. See online help for details.
                 d:\Applications\VC\include\stdio.h(234) : see declaration of 'fopen'
     1>d:\visual studio 2010\9_project\9_code\swap_assistant\HMM\\HMM.h(1337): warning C4996: '_snprintf': This function or variable may be unsafe. Consider using _snprintf_s instead. To disable deprecation, use _CRT_SECURE_NO_WARNINGS. See online help for details.
                 d:\Applications\VC\include\stdio.h(363) : see declaration of '_snprintf'
     1>d:\visual studio 2010\9_project\9_code\swap_assistant\HMM\\HMM.h(1332): warning C4101: 'rec_time' : unreferenced local variable
     1>d:\visual studio 2010\9_project\9_code\swap_assistant\HMM\\HMM.h(1333): warning C4101: 'avg_num' : unreferenced local variable
     1>d:\visual studio 2010\9_project\9_code\swap_assistant\HMM\\HMM.h(1333): warning C4101: 'i' : unreferenced local variable
     1>d:\visual studio 2010\9_project\9_code\swap_assistant\HMM\\HMM.h(1332): warning C4101: 'num' : unreferenced local variable
     1>d:\visual studio 2010\9_project\9_code\swap_assistant\HMM\\HMM.h(1333): warning C4101: 'time' : unreferenced local variable
     1>d:\visual studio 2010\9_project\9_code\swap_assistant\HMM\\HMM.h(1334): warning C4101: 'overall_accuracy' : unreferenced local variable
     1>d:\visual studio 2010\9_project\9_code\swap_assistant\HMM\\HMM.h(1333): warning C4101: 'option' : unreferenced local variable
     1>d:\visual studio 2010\9_project\9_code\swap_assistant\HMM\\HMM.h(1333): warning C4101: 'utterance_num' : unreferenced local variable
     1>d:\visual studio 2010\9_project\9_code\swap_assistant\HMM\\HMM.h(1334): warning C4101: 'word_accuracy' : unreferenced local variable
     1>d:\visual studio 2010\9_project\9_code\swap_assistant\HMM\\HMM.h(1334): warning C4101: 'curr_value' : unreferenced local variable
     1>d:\visual studio 2010\9_project\9_code\swap_assistant\HMM\\HMM.h(1333): warning C4101: 'word_num' : unreferenced local variable
     1>d:\visual studio 2010\9_project\9_code\swap_assistant\HMM\\HMM.h(1333): warning C4101: 'j' : unreferenced local variable
     1>d:\visual studio 2010\9_project\9_code\swap_assistant\HMM\\HMM.h(1414): warning C4996: 'fopen': This function or variable may be unsafe. Consider using fopen_s instead. To disable deprecation, use _CRT_SECURE_NO_WARNINGS. See online help for details.
                 d:\Applications\VC\include\stdio.h(234) : see declaration of 'fopen'
     1>d:\visual studio 2010\9_project\9_code\swap_assistant\HMM\\HMM.h(1415): warning C4996: 'fopen': This function or variable may be unsafe. Consider using fopen_s instead. To disable deprecation, use _CRT_SECURE_NO_WARNINGS. See online help for details.
                 d:\Applications\VC\include\stdio.h(234) : see declaration of 'fopen'
     1>d:\visual studio 2010\9_project\9_code\swap_assistant\HMM\\HMM.h(1418): warning C4996: 'fscanf': This function or variable may be unsafe. Consider using fscanf_s instead. To disable deprecation, use _CRT_SECURE_NO_WARNINGS. See online help for details.
                 d:\Applications\VC\include\stdio.h(253) : see declaration of 'fscanf'
     1>d:\visual studio 2010\9_project\9_code\swap_assistant\HMM\\HMM.h(1429): warning C4996: 'fscanf': This function or variable may be unsafe. Consider using fscanf_s instead. To disable deprecation, use _CRT_SECURE_NO_WARNINGS. See online help for details.
                 d:\Applications\VC\include\stdio.h(253) : see declaration of 'fscanf'
     1>d:\visual studio 2010\9_project\9_code\swap_assistant\HMM\\HMM.h(1411): warning C4101: 'option' : unreferenced local variable
     1>d:\visual studio 2010\9_project\9_code\swap_assistant\HMM\\HMM.h(1454): warning C4996: 'fopen': This function or variable may be unsafe. Consider using fopen_s instead. To disable deprecation, use _CRT_SECURE_NO_WARNINGS. See online help for details.
                 d:\Applications\VC\include\stdio.h(234) : see declaration of 'fopen'
     1>d:\visual studio 2010\9_project\9_code\swap_assistant\HMM\\HMM.h(1455): warning C4996: 'fopen': This function or variable may be unsafe. Consider using fopen_s instead. To disable deprecation, use _CRT_SECURE_NO_WARNINGS. See online help for details.
                 d:\Applications\VC\include\stdio.h(234) : see declaration of 'fopen'
     1>d:\visual studio 2010\9_project\9_code\swap_assistant\HMM\\HMM.h(1458): warning C4996: 'fscanf': This function or variable may be unsafe. Consider using fscanf_s instead. To disable deprecation, use _CRT_SECURE_NO_WARNINGS. See online help for details.
                 d:\Applications\VC\include\stdio.h(253) : see declaration of 'fscanf'
     1>d:\visual studio 2010\9_project\9_code\swap_assistant\HMM\\HMM.h(1469): warning C4996: 'fscanf': This function or variable may be unsafe. Consider using fscanf_s instead. To disable deprecation, use _CRT_SECURE_NO_WARNINGS. See online help for details.
                 d:\Applications\VC\include\stdio.h(253) : see declaration of 'fscanf'
     1>d:\visual studio 2010\9_project\9_code\swap_assistant\HMM\\HMM.h(1451): warning C4101: 'option' : unreferenced local variable
         Generating Code...
     1>d:\visual studio 2010\9_project\9_code\swap_assistant\hmm\hmm.h(758): warning C4715: 'normalize_wave' : not all control paths return a value
         All outputs are up-to-date.
       CoreResGen:
         No resources are out of date with respect to their source files. Skipping resource generation.
       ResourceCompile:
         C:\Program Files (x86)\Microsoft SDKs\Windows\v7.0A\bin\rc.exe /D _UNICODE /D UNICODE /l"0x0409" /nologo /fo"Debug\app.res" app.rc 
       Link:
         d:\Applications\VC\bin\link.exe /ERRORREPORT:PROMPT /OUT:"D:\Visual Studio 2010\9_Project\9_code\Debug\Swap_Assistant.exe" /INCREMENTAL /NOLOGO /ASSEMBLYRESOURCE:Debug\Swap_Assistant.Form1.resources /MANIFEST /ManifestFile:"Debug\Swap_Assistant.exe.intermediate.manifest" /MANIFESTUAC:"level='asInvoker' uiAccess='false'" /DEBUG /PDB:"D:\Visual Studio 2010\9_Project\9_code\Debug\Swap_Assistant.pdb" /ASSEMBLYDEBUG /SUBSYSTEM:WINDOWS /TLBID:1 /ENTRY:"main" /DYNAMICBASE /FIXED:NO /NXCOMPAT /MACHINE:X86 Debug\app.res
         Debug\AssemblyInfo.obj
         Debug\stdafx.obj
         Debug\Swap_Assistant.obj
         "Debug\.NETFramework,Version=v4.0.AssemblyAttributes.obj"
         Swap_Assistant.vcxproj -> D:\Visual Studio 2010\9_Project\9_code\Debug\Swap_Assistant.exe
       Manifest:
         C:\Program Files (x86)\Microsoft SDKs\Windows\v7.0A\bin\mt.exe /nologo /verbose /outputresource:"D:\Visual Studio 2010\9_Project\9_code\Debug\Swap_Assistant.exe;#1" /manifest Debug\Swap_Assistant.exe.intermediate.manifest
       FinalizeBuildStatus:
         Deleting file "Debug\Swap_Assistant.unsuccessfulbuild".
         Touching "Debug\Swap_Assistant.lastbuildstate".
     1>Done Building Project "D:\Visual Studio 2010\9_Project\9_code\Swap_Assistant\Swap_Assistant.vcxproj" (build target(s)).

Build succeeded.

Time Elapsed 00:00:53.97
